This is pdfTeX, Version 3.14159265-2.6-1.40.19 (TeX Live 2018) (preloaded format=pdflatex 2018.5.22)  22 MAY 2018 21:17
entering extended mode
 restricted \write18 enabled.
 %&-line parsing enabled.
**Frontpages.tex
(./Frontpages.tex
LaTeX2e <2018-04-01> patch level 2
Babel <3.18> and hyphenation patterns for 84 language(s) loaded.
! Undefined control sequence.
l.7 \confidential
                 {}% å¯†çº§ï¼šåªæœ‰æ¶‰å¯†è®ºæ–‡æ‰å¡«å†™
The control sequence at the end of the top line
of your error message was never \def'ed. If you have
misspelled it (e.g., `\hobx'), type `I' and the correct
spelling (e.g., `I\hbox'). Otherwise just continue,
and I'll forget about whatever was undefined.

! Undefined control sequence.
l.8 \schoollogo
               {scale=0.095}{ucas_logo}% æ ¡å¾½
The control sequence at the end of the top line
of your error message was never \def'ed. If you have
misspelled it (e.g., `\hobx'), type `I' and the correct
spelling (e.g., `I\hbox'). Otherwise just continue,
and I'll forget about whatever was undefined.


! LaTeX Error: Missing \begin{document}.

See the LaTeX manual or LaTeX Companion for explanation.
Type  H <return>  for immediate help.
 ...                                              
                                                  
l.8 \schoollogo{s
                 cale=0.095}{ucas_logo}% æ ¡å¾½
You're in trouble here.  Try typing  <return>  to proceed.
If that doesn't work, type  X <return>  to quit.

Missing character: There is no s in font nullfont!
Missing character: There is no c in font nullfont!
Missing character: There is no a in font nullfont!
Missing character: There is no l in font nullfont!
Missing character: There is no e in font nullfont!
Missing character: There is no = in font nullfont!
Missing character: There is no 0 in font nullfont!
Missing character: There is no . in font nullfont!
Missing character: There is no 0 in font nullfont!
Missing character: There is no 9 in font nullfont!
Missing character: There is no 5 in font nullfont!
Missing character: There is no u in font nullfont!
Missing character: There is no c in font nullfont!
Missing character: There is no a in font nullfont!
Missing character: There is no s in font nullfont!
! Missing $ inserted.
<inserted text> 
                $
l.8 \schoollogo{scale=0.095}{ucas_
                                  logo}% æ ¡å¾½
I've inserted a begin-math/end-math symbol since I think
you left one out. Proceed, with fingers crossed.

LaTeX Font Info:    External font `cmex10' loaded for size
(Font)              <7> on input line 8.
LaTeX Font Info:    External font `cmex10' loaded for size
(Font)              <5> on input line 8.
! Extra }, or forgotten $.
l.8 \schoollogo{scale=0.095}{ucas_logo}
                                       % æ ¡å¾½
I've deleted a group-closing symbol because it seems to be
spurious, as in `$x}$'. But perhaps the } is legitimate and
you forgot something else, as in `\hbox{$x}'. In such cases
the way to recover is to insert both the forgotten and the
deleted material, e.g., by typing `I$}'.

! Undefined control sequence.
l.11 \advisor
             {åˆ˜é’æ³‰~ç ”ç©¶å‘˜~ä¸­å›½ç§‘å­¦é™¢åŠ›å­¦ç ”ç©¶æ‰€}% æŒ‡å¯¼æ•™...
The control sequence at the end of the top line
of your error message was never \def'ed. If you have
misspelled it (e.g., `\hobx'), type `I' and the correct
spelling (e.g., `I\hbox'). Otherwise just continue,
and I'll forget about whatever was undefined.


! Package inputenc Error: Unicode character åˆ˜ (U+5218)
(inputenc)                not set up for use with LaTeX.

See the inputenc package documentation for explanation.
Type  H <return>  for immediate help.
 ...                                              
                                                  
l.11 \advisor{åˆ˜
                 é’æ³‰~ç ”ç©¶å‘˜~ä¸­å›½ç§‘å­¦é™¢åŠ›å­¦ç ”ç©¶æ‰€}% æŒ‡å¯¼æ•™...

You may provide a definition with
\DeclareUnicodeCharacter 


! Package inputenc Error: Unicode character é’ (U+9752)
(inputenc)                not set up for use with LaTeX.

See the inputenc package documentation for explanation.
Type  H <return>  for immediate help.
 ...                                              
                                                  
l.11 \advisor{åˆ˜é’
                    æ³‰~ç ”ç©¶å‘˜~ä¸­å›½ç§‘å­¦é™¢åŠ›å­¦ç ”ç©¶æ‰€}% æŒ‡å¯¼æ•™...

You may provide a definition with
\DeclareUnicodeCharacter 


! Package inputenc Error: Unicode character æ³‰ (U+6CC9)
(inputenc)                not set up for use with LaTeX.

See the inputenc package documentation for explanation.
Type  H <return>  for immediate help.
 ...                                              
                                                  
l.11 \advisor{åˆ˜é’æ³‰
                       ~ç ”ç©¶å‘˜~ä¸­å›½ç§‘å­¦é™¢åŠ›å­¦ç ”ç©¶æ‰€}% æŒ‡å¯¼æ•™...

You may provide a definition with
\DeclareUnicodeCharacter 


! Package inputenc Error: Unicode character ç ” (U+7814)
(inputenc)                not set up for use with LaTeX.

See the inputenc package documentation for explanation.
Type  H <return>  for immediate help.
 ...                                              
                                                  
l.11 \advisor{åˆ˜é’æ³‰~ç ”
                           ç©¶å‘˜~ä¸­å›½ç§‘å­¦é™¢åŠ›å­¦ç ”ç©¶æ‰€}% æŒ‡å¯¼æ•™...

You may provide a definition with
\DeclareUnicodeCharacter 


! Package inputenc Error: Unicode character ç©¶ (U+7A76)
(inputenc)                not set up for use with LaTeX.

See the inputenc package documentation for explanation.
Type  H <return>  for immediate help.
 ...                                              
                                                  
l.11 \advisor{åˆ˜é’æ³‰~ç ”ç©¶
                              å‘˜~ä¸­å›½ç§‘å­¦é™¢åŠ›å­¦ç ”ç©¶æ‰€}% æŒ‡å¯¼æ•™...

You may provide a definition with
\DeclareUnicodeCharacter 


! Package inputenc Error: Unicode character å‘˜ (U+5458)
(inputenc)                not set up for use with LaTeX.

See the inputenc package documentation for explanation.
Type  H <return>  for immediate help.
 ...                                              
                                                  
l.11 \advisor{åˆ˜é’æ³‰~ç ”ç©¶å‘˜
                                 ~ä¸­å›½ç§‘å­¦é™¢åŠ›å­¦ç ”ç©¶æ‰€}% æŒ‡å¯¼æ•™...

You may provide a definition with
\DeclareUnicodeCharacter 


! Package inputenc Error: Unicode character ä¸­ (U+4E2D)
(inputenc)                not set up for use with LaTeX.

See the inputenc package documentation for explanation.
Type  H <return>  for immediate help.
 ...                                              
                                                  
l.11 \advisor{åˆ˜é’æ³‰~ç ”ç©¶å‘˜~ä¸­
                                     å›½ç§‘å­¦é™¢åŠ›å­¦ç ”ç©¶æ‰€}% æŒ‡å¯¼æ•™...

You may provide a definition with
\DeclareUnicodeCharacter 


! Package inputenc Error: Unicode character å›½ (U+56FD)
(inputenc)                not set up for use with LaTeX.

See the inputenc package documentation for explanation.
Type  H <return>  for immediate help.
 ...                                              
                                                  
l.11 \advisor{åˆ˜é’æ³‰~ç ”ç©¶å‘˜~ä¸­å›½
                                        ç§‘å­¦é™¢åŠ›å­¦ç ”ç©¶æ‰€}% æŒ‡å¯¼æ•™...

You may provide a definition with
\DeclareUnicodeCharacter 


! Package inputenc Error: Unicode character ç§‘ (U+79D1)
(inputenc)                not set up for use with LaTeX.

See the inputenc package documentation for explanation.
Type  H <return>  for immediate help.
 ...                                              
                                                  
l.11 \advisor{åˆ˜é’æ³‰~ç ”ç©¶å‘˜~ä¸­å›½ç§‘
                                           å­¦é™¢åŠ›å­¦ç ”ç©¶æ‰€}% æŒ‡å¯¼æ•™...

You may provide a definition with
\DeclareUnicodeCharacter 


! Package inputenc Error: Unicode character å­¦ (U+5B66)
(inputenc)                not set up for use with LaTeX.

See the inputenc package documentation for explanation.
Type  H <return>  for immediate help.
 ...                                              
                                                  
l.11 \advisor{åˆ˜é’æ³‰~ç ”ç©¶å‘˜~ä¸­å›½ç§‘å­¦
                                              é™¢åŠ›å­¦ç ”ç©¶æ‰€}% æŒ‡å¯¼æ•™...

You may provide a definition with
\DeclareUnicodeCharacter 


! Package inputenc Error: Unicode character é™¢ (U+9662)
(inputenc)                not set up for use with LaTeX.

See the inputenc package documentation for explanation.
Type  H <return>  for immediate help.
 ...                                              
                                                  
l.11 \advisor{åˆ˜é’æ³‰~ç ”ç©¶å‘˜~ä¸­å›½ç§‘å­¦é™¢
                                                 åŠ›å­¦ç ”ç©¶æ‰€}% æŒ‡å¯¼æ•™...

You may provide a definition with
\DeclareUnicodeCharacter 


! Package inputenc Error: Unicode character åŠ› (U+529B)
(inputenc)                not set up for use with LaTeX.

See the inputenc package documentation for explanation.
Type  H <return>  for immediate help.
 ...                                              
                                                  
l.11 ...sor{åˆ˜é’æ³‰~ç ”ç©¶å‘˜~ä¸­å›½ç§‘å­¦é™¢åŠ›
                                                  å­¦ç ”ç©¶æ‰€}% æŒ‡å¯¼æ•™å¸...

You may provide a definition with
\DeclareUnicodeCharacter 


! Package inputenc Error: Unicode character å­¦ (U+5B66)
(inputenc)                not set up for use with LaTeX.

See the inputenc package documentation for explanation.
Type  H <return>  for immediate help.
 ...                                              
                                                  
l.11 ...{åˆ˜é’æ³‰~ç ”ç©¶å‘˜~ä¸­å›½ç§‘å­¦é™¢åŠ›å­¦
                                                  ç ”ç©¶æ‰€}% æŒ‡å¯¼æ•™å¸ˆï¼...

You may provide a definition with
\DeclareUnicodeCharacter 


! Package inputenc Error: Unicode character ç ” (U+7814)
(inputenc)                not set up for use with LaTeX.

See the inputenc package documentation for explanation.
Type  H <return>  for immediate help.
 ...                                              
                                                  
l.11 ...˜é’æ³‰~ç ”ç©¶å‘˜~ä¸­å›½ç§‘å­¦é™¢åŠ›å­¦ç ”
                                                  ç©¶æ‰€}% æŒ‡å¯¼æ•™å¸ˆï¼šå§...

You may provide a definition with
\DeclareUnicodeCharacter 


! Package inputenc Error: Unicode character ç©¶ (U+7A76)
(inputenc)                not set up for use with LaTeX.

See the inputenc package documentation for explanation.
Type  H <return>  for immediate help.
 ...                                              
                                                  
l.11 ...’æ³‰~ç ”ç©¶å‘˜~ä¸­å›½ç§‘å­¦é™¢åŠ›å­¦ç ”ç©¶
                                                  æ‰€}% æŒ‡å¯¼æ•™å¸ˆï¼šå§“å...

You may provide a definition with
\DeclareUnicodeCharacter 


! Package inputenc Error: Unicode character æ‰€ (U+6240)
(inputenc)                not set up for use with LaTeX.

See the inputenc package documentation for explanation.
Type  H <return>  for immediate help.
 ...                                              
                                                  
l.11 ...‰~ç ”ç©¶å‘˜~ä¸­å›½ç§‘å­¦é™¢åŠ›å­¦ç ”ç©¶æ‰€
                                                  }% æŒ‡å¯¼æ•™å¸ˆï¼šå§“å ä...

You may provide a definition with
\DeclareUnicodeCharacter 

! Undefined control sequence.
l.12 \advisorsec
                {}% æŒ‡å¯¼è€å¸ˆé™„åŠ ä¿¡æ¯ æˆ– ç¬¬äºŒæŒ‡å¯¼è€å¸ˆä¿¡æ¯
The control sequence at the end of the top line
of your error message was never \def'ed. If you have
misspelled it (e.g., `\hobx'), type `I' and the correct
spelling (e.g., `I\hbox'). Otherwise just continue,
and I'll forget about whatever was undefined.

! Undefined control sequence.
l.13 \degree
            {ç¡•å£«}% å­¦ä½ï¼šå­¦å£«ã€ç¡•å£«ã€åšå£«
The control sequence at the end of the top line
of your error message was never \def'ed. If you have
misspelled it (e.g., `\hobx'), type `I' and the correct
spelling (e.g., `I\hbox'). Otherwise just continue,
and I'll forget about whatever was undefined.


! Package inputenc Error: Unicode character ç¡• (U+7855)
(inputenc)                not set up for use with LaTeX.

See the inputenc package documentation for explanation.
Type  H <return>  for immediate help.
 ...                                              
                                                  
l.13 \degree{ç¡•
                å£«}% å­¦ä½ï¼šå­¦å£«ã€ç¡•å£«ã€åšå£«
You may provide a definition with
\DeclareUnicodeCharacter 


! Package inputenc Error: Unicode character å£« (U+58EB)
(inputenc)                not set up for use with LaTeX.

See the inputenc package documentation for explanation.
Type  H <return>  for immediate help.
 ...                                              
                                                  
l.13 \degree{ç¡•å£«
                   }% å­¦ä½ï¼šå­¦å£«ã€ç¡•å£«ã€åšå£«
You may provide a definition with
\DeclareUnicodeCharacter 

! Undefined control sequence.
l.14 \degreetype
                {ç†å­¦}% å­¦ä½ç±»åˆ«ï¼šç†å­¦ã€å·¥å­¦ã€å·¥ç¨‹ã€åŒ»å­¦ç­‰
The control sequence at the end of the top line
of your error message was never \def'ed. If you have
misspelled it (e.g., `\hobx'), type `I' and the correct
spelling (e.g., `I\hbox'). Otherwise just continue,
and I'll forget about whatever was undefined.


! Package inputenc Error: Unicode character ç† (U+7406)
(inputenc)                not set up for use with LaTeX.

See the inputenc package documentation for explanation.
Type  H <return>  for immediate help.
 ...                                              
                                                  
l.14 \degreetype{ç†
                    å­¦}% å­¦ä½ç±»åˆ«ï¼šç†å­¦ã€å·¥å­¦ã€å·¥ç¨‹ã€åŒ»å­¦ç­‰
You may provide a definition with
\DeclareUnicodeCharacter 


! Package inputenc Error: Unicode character å­¦ (U+5B66)
(inputenc)                not set up for use with LaTeX.

See the inputenc package documentation for explanation.
Type  H <return>  for immediate help.
 ...                                              
                                                  
l.14 \degreetype{ç†å­¦
                       }% å­¦ä½ç±»åˆ«ï¼šç†å­¦ã€å·¥å­¦ã€å·¥ç¨‹ã€åŒ»å­¦ç­‰
You may provide a definition with
\DeclareUnicodeCharacter 

! Undefined control sequence.
l.15 \major
           {æµä½“åŠ›å­¦}% äºŒçº§å­¦ç§‘ä¸“ä¸šåç§°
The control sequence at the end of the top line
of your error message was never \def'ed. If you have
misspelled it (e.g., `\hobx'), type `I' and the correct
spelling (e.g., `I\hbox'). Otherwise just continue,
and I'll forget about whatever was undefined.


! Package inputenc Error: Unicode character æµ (U+6D41)
(inputenc)                not set up for use with LaTeX.

See the inputenc package documentation for explanation.
Type  H <return>  for immediate help.
 ...                                              
                                                  
l.15 \major{æµ
               ä½“åŠ›å­¦}% äºŒçº§å­¦ç§‘ä¸“ä¸šåç§°
You may provide a definition with
\DeclareUnicodeCharacter 


! Package inputenc Error: Unicode character ä½“ (U+4F53)
(inputenc)                not set up for use with LaTeX.

See the inputenc package documentation for explanation.
Type  H <return>  for immediate help.
 ...                                              
                                                  
l.15 \major{æµä½“
                  åŠ›å­¦}% äºŒçº§å­¦ç§‘ä¸“ä¸šåç§°
You may provide a definition with
\DeclareUnicodeCharacter 


! Package inputenc Error: Unicode character åŠ› (U+529B)
(inputenc)                not set up for use with LaTeX.

See the inputenc package documentation for explanation.
Type  H <return>  for immediate help.
 ...                                              
                                                  
l.15 \major{æµä½“åŠ›
                     å­¦}% äºŒçº§å­¦ç§‘ä¸“ä¸šåç§°
You may provide a definition with
\DeclareUnicodeCharacter 


! Package inputenc Error: Unicode character å­¦ (U+5B66)
(inputenc)                not set up for use with LaTeX.

See the inputenc package documentation for explanation.
Type  H <return>  for immediate help.
 ...                                              
                                                  
l.15 \major{æµä½“åŠ›å­¦
                        }% äºŒçº§å­¦ç§‘ä¸“ä¸šåç§°
You may provide a definition with
\DeclareUnicodeCharacter 

! Undefined control sequence.
l.16 \institute
               {ä¸­å›½ç§‘å­¦é™¢åŠ›å­¦ç ”ç©¶æ‰€}% é™¢ç³»åç§°
The control sequence at the end of the top line
of your error message was never \def'ed. If you have
misspelled it (e.g., `\hobx'), type `I' and the correct
spelling (e.g., `I\hbox'). Otherwise just continue,
and I'll forget about whatever was undefined.


! Package inputenc Error: Unicode character ä¸­ (U+4E2D)
(inputenc)                not set up for use with LaTeX.

See the inputenc package documentation for explanation.
Type  H <return>  for immediate help.
 ...                                              
                                                  
l.16 \institute{ä¸­
                   å›½ç§‘å­¦é™¢åŠ›å­¦ç ”ç©¶æ‰€}% é™¢ç³»åç§°
You may provide a definition with
\DeclareUnicodeCharacter 


! Package inputenc Error: Unicode character å›½ (U+56FD)
(inputenc)                not set up for use with LaTeX.

See the inputenc package documentation for explanation.
Type  H <return>  for immediate help.
 ...                                              
                                                  
l.16 \institute{ä¸­å›½
                      ç§‘å­¦é™¢åŠ›å­¦ç ”ç©¶æ‰€}% é™¢ç³»åç§°
You may provide a definition with
\DeclareUnicodeCharacter 


! Package inputenc Error: Unicode character ç§‘ (U+79D1)
(inputenc)                not set up for use with LaTeX.

See the inputenc package documentation for explanation.
Type  H <return>  for immediate help.
 ...                                              
                                                  
l.16 \institute{ä¸­å›½ç§‘
                         å­¦é™¢åŠ›å­¦ç ”ç©¶æ‰€}% é™¢ç³»åç§°
You may provide a definition with
\DeclareUnicodeCharacter 


! Package inputenc Error: Unicode character å­¦ (U+5B66)
(inputenc)                not set up for use with LaTeX.

See the inputenc package documentation for explanation.
Type  H <return>  for immediate help.
 ...                                              
                                                  
l.16 \institute{ä¸­å›½ç§‘å­¦
                            é™¢åŠ›å­¦ç ”ç©¶æ‰€}% é™¢ç³»åç§°
You may provide a definition with
\DeclareUnicodeCharacter 


! Package inputenc Error: Unicode character é™¢ (U+9662)
(inputenc)                not set up for use with LaTeX.

See the inputenc package documentation for explanation.
Type  H <return>  for immediate help.
 ...                                              
                                                  
l.16 \institute{ä¸­å›½ç§‘å­¦é™¢
                               åŠ›å­¦ç ”ç©¶æ‰€}% é™¢ç³»åç§°
You may provide a definition with
\DeclareUnicodeCharacter 


! Package inputenc Error: Unicode character åŠ› (U+529B)
(inputenc)                not set up for use with LaTeX.

See the inputenc package documentation for explanation.
Type  H <return>  for immediate help.
 ...                                              
                                                  
l.16 \institute{ä¸­å›½ç§‘å­¦é™¢åŠ›
                                  å­¦ç ”ç©¶æ‰€}% é™¢ç³»åç§°
You may provide a definition with
\DeclareUnicodeCharacter 


! Package inputenc Error: Unicode character å­¦ (U+5B66)
(inputenc)                not set up for use with LaTeX.

See the inputenc package documentation for explanation.
Type  H <return>  for immediate help.
 ...                                              
                                                  
l.16 \institute{ä¸­å›½ç§‘å­¦é™¢åŠ›å­¦
                                     ç ”ç©¶æ‰€}% é™¢ç³»åç§°
You may provide a definition with
\DeclareUnicodeCharacter 


! Package inputenc Error: Unicode character ç ” (U+7814)
(inputenc)                not set up for use with LaTeX.

See the inputenc package documentation for explanation.
Type  H <return>  for immediate help.
 ...                                              
                                                  
l.16 \institute{ä¸­å›½ç§‘å­¦é™¢åŠ›å­¦ç ”
                                        ç©¶æ‰€}% é™¢ç³»åç§°
You may provide a definition with
\DeclareUnicodeCharacter 


! Package inputenc Error: Unicode character ç©¶ (U+7A76)
(inputenc)                not set up for use with LaTeX.

See the inputenc package documentation for explanation.
Type  H <return>  for immediate help.
 ...                                              
                                                  
l.16 \institute{ä¸­å›½ç§‘å­¦é™¢åŠ›å­¦ç ”ç©¶
                                           æ‰€}% é™¢ç³»åç§°
You may provide a definition with
\DeclareUnicodeCharacter 


! Package inputenc Error: Unicode character æ‰€ (U+6240)
(inputenc)                not set up for use with LaTeX.

See the inputenc package documentation for explanation.
Type  H <return>  for immediate help.
 ...                                              
                                                  
l.16 \institute{ä¸­å›½ç§‘å­¦é™¢åŠ›å­¦ç ”ç©¶æ‰€
                                              }% é™¢ç³»åç§°
You may provide a definition with
\DeclareUnicodeCharacter 

! Undefined control sequence.
l.17 \chinesedate
                 {2014~å¹´~6~æœˆ}% æ¯•ä¸šæ—¥æœŸï¼šå¤å­£ä¸º6æœˆã€å†¬å­£ä¸º1...
The control sequence at the end of the top line
of your error message was never \def'ed. If you have
misspelled it (e.g., `\hobx'), type `I' and the correct
spelling (e.g., `I\hbox'). Otherwise just continue,
and I'll forget about whatever was undefined.


! Package inputenc Error: Unicode character å¹´ (U+5E74)
(inputenc)                not set up for use with LaTeX.

See the inputenc package documentation for explanation.
Type  H <return>  for immediate help.
 ...                                              
                                                  
l.17 \chinesedate{2014~å¹´
                          ~6~æœˆ}% æ¯•ä¸šæ—¥æœŸï¼šå¤å­£ä¸º6æœˆã€å†¬å­£ä¸º1...

You may provide a definition with
\DeclareUnicodeCharacter 


! Package inputenc Error: Unicode character æœˆ (U+6708)
(inputenc)                not set up for use with LaTeX.

See the inputenc package documentation for explanation.
Type  H <return>  for immediate help.
 ...                                              
                                                  
l.17 \chinesedate{2014~å¹´~6~æœˆ
                                }% æ¯•ä¸šæ—¥æœŸï¼šå¤å­£ä¸º6æœˆã€å†¬å­£ä¸º1...

You may provide a definition with
\DeclareUnicodeCharacter 

! Undefined control sequence.
l.21 \englishtitle
                  {\LaTeX{} Thesis Template\\ of \\ The University of Chines...
The control sequence at the end of the top line
of your error message was never \def'ed. If you have
misspelled it (e.g., `\hobx'), type `I' and the correct
spelling (e.g., `I\hbox'). Otherwise just continue,
and I'll forget about whatever was undefined.

Missing character: There is no T in font nullfont!
Missing character: There is no E in font nullfont!
! You can't use `\spacefactor' in math mode.
\@->\spacefactor 
                 \@m {}
l.21 \englishtitle{\LaTeX
                         {} Thesis Template\\ of \\ The University of Chines...
Sorry, but I'm not programmed to handle this case;
I'll just pretend that you didn't ask for it.
If you're in the wrong mode, you might be able to
return to the right one by typing `I}' or `I$' or `I\par'.

! Missing } inserted.
<inserted text> 
                }
l.21 ...iversity of Chinese Academy of Sciences {$
                                                  ~^{\pi}\pi^{\pi}$}}% è®ºæ–...
I've inserted something that you may have forgotten.
(See the <inserted text> above.)
With luck, this will get me unwedged. But if you
really didn't forget anything, try typing `2' now; then
my insertion and my current dilemma will both disappear.

! Missing } inserted.
<inserted text> 
                }
l.21 ...iversity of Chinese Academy of Sciences {$
                                                  ~^{\pi}\pi^{\pi}$}}% è®ºæ–...
I've inserted something that you may have forgotten.
(See the <inserted text> above.)
With luck, this will get me unwedged. But if you
really didn't forget anything, try typing `2' now; then
my insertion and my current dilemma will both disappear.

Missing character: There is no è in font cmex10!
! Missing $ inserted.
<inserted text> 
                $
l.21 ...ersity of Chinese Academy of Sciences {$~^
                                                  {\pi}\pi^{\pi}$}}% è®ºæ–‡è...
I've inserted a begin-math/end-math symbol since I think
you left one out. Proceed, with fingers crossed.

! Too many }'s.
l.21 ... Academy of Sciences {$~^{\pi}\pi^{\pi}$}}
                                                  % è®ºæ–‡è‹±æ–‡é¢˜ç›®
You've closed more groups than you opened.
Such booboos are generally harmless, so keep going.

! Undefined control sequence.
l.22 \englishauthor
                   {Mo Huangrui}% è®ºæ–‡ä½œè€…
The control sequence at the end of the top line
of your error message was never \def'ed. If you have
misspelled it (e.g., `\hobx'), type `I' and the correct
spelling (e.g., `I\hbox'). Otherwise just continue,
and I'll forget about whatever was undefined.

Missing character: There is no M in font nullfont!
Missing character: There is no o in font nullfont!
Missing character: There is no H in font nullfont!
Missing character: There is no u in font nullfont!
Missing character: There is no a in font nullfont!
Missing character: There is no n in font nullfont!
Missing character: There is no g in font nullfont!
Missing character: There is no r in font nullfont!
Missing character: There is no u in font nullfont!
Missing character: There is no i in font nullfont!
! Undefined control sequence.
l.23 \englishadvisor
                    {Supervisor: Professor Liu Qingquan}% æŒ‡å¯¼æ•™å¸ˆ
The control sequence at the end of the top line
of your error message was never \def'ed. If you have
misspelled it (e.g., `\hobx'), type `I' and the correct
spelling (e.g., `I\hbox'). Otherwise just continue,
and I'll forget about whatever was undefined.

Missing character: There is no S in font nullfont!
Missing character: There is no u in font nullfont!
Missing character: There is no p in font nullfont!
Missing character: There is no e in font nullfont!
Missing character: There is no r in font nullfont!
Missing character: There is no v in font nullfont!
Missing character: There is no i in font nullfont!
Missing character: There is no s in font nullfont!
Missing character: There is no o in font nullfont!
Missing character: There is no r in font nullfont!
Missing character: There is no : in font nullfont!
Missing character: There is no P in font nullfont!
Missing character: There is no r in font nullfont!
Missing character: There is no o in font nullfont!
Missing character: There is no f in font nullfont!
Missing character: There is no e in font nullfont!
Missing character: There is no s in font nullfont!
Missing character: There is no s in font nullfont!
Missing character: There is no o in font nullfont!
Missing character: There is no r in font nullfont!
Missing character: There is no L in font nullfont!
Missing character: There is no i in font nullfont!
Missing character: There is no u in font nullfont!
Missing character: There is no Q in font nullfont!
Missing character: There is no i in font nullfont!
Missing character: There is no n in font nullfont!
Missing character: There is no g in font nullfont!
Missing character: There is no q in font nullfont!
Missing character: There is no u in font nullfont!
Missing character: There is no a in font nullfont!
Missing character: There is no n in font nullfont!
! Undefined control sequence.
l.24 \englishdegree
                   {Master}% å­¦ä½ï¼šBachelor, Master, Doctorã€‚å°é¢æ ¼å¼...
The control sequence at the end of the top line
of your error message was never \def'ed. If you have
misspelled it (e.g., `\hobx'), type `I' and the correct
spelling (e.g., `I\hbox'). Otherwise just continue,
and I'll forget about whatever was undefined.

Missing character: There is no M in font nullfont!
Missing character: There is no a in font nullfont!
Missing character: There is no s in font nullfont!
Missing character: There is no t in font nullfont!
Missing character: There is no e in font nullfont!
Missing character: There is no r in font nullfont!
! Undefined control sequence.
l.25 \englishdegreetype
                       {Natural Science}% å­¦ä½ç±»åˆ«ï¼šPhilosophy, Natural...
The control sequence at the end of the top line
of your error message was never \def'ed. If you have
misspelled it (e.g., `\hobx'), type `I' and the correct
spelling (e.g., `I\hbox'). Otherwise just continue,
and I'll forget about whatever was undefined.

Missing character: There is no N in font nullfont!
Missing character: There is no a in font nullfont!
Missing character: There is no t in font nullfont!
Missing character: There is no u in font nullfont!
Missing character: There is no r in font nullfont!
Missing character: There is no a in font nullfont!
Missing character: There is no l in font nullfont!
Missing character: There is no S in font nullfont!
Missing character: There is no c in font nullfont!
Missing character: There is no i in font nullfont!
Missing character: There is no e in font nullfont!
Missing character: There is no n in font nullfont!
Missing character: There is no c in font nullfont!
Missing character: There is no e in font nullfont!
! Undefined control sequence.
l.26 \englishthesistype
                       {thesis}% è®ºæ–‡ç±»å‹ï¼š thesis, dissertation
The control sequence at the end of the top line
of your error message was never \def'ed. If you have
misspelled it (e.g., `\hobx'), type `I' and the correct
spelling (e.g., `I\hbox'). Otherwise just continue,
and I'll forget about whatever was undefined.

Missing character: There is no t in font nullfont!
Missing character: There is no h in font nullfont!
Missing character: There is no e in font nullfont!
Missing character: There is no s in font nullfont!
Missing character: There is no i in font nullfont!
Missing character: There is no s in font nullfont!
! Undefined control sequence.
l.27 \englishmajor
                  {Fluid Mechanics}% äºŒçº§å­¦ç§‘ä¸“ä¸šåç§°
The control sequence at the end of the top line
of your error message was never \def'ed. If you have
misspelled it (e.g., `\hobx'), type `I' and the correct
spelling (e.g., `I\hbox'). Otherwise just continue,
and I'll forget about whatever was undefined.

Missing character: There is no F in font nullfont!
Missing character: There is no l in font nullfont!
Missing character: There is no u in font nullfont!
Missing character: There is no i in font nullfont!
Missing character: There is no d in font nullfont!
Missing character: There is no M in font nullfont!
Missing character: There is no e in font nullfont!
Missing character: There is no c in font nullfont!
Missing character: There is no h in font nullfont!
Missing character: There is no a in font nullfont!
Missing character: There is no n in font nullfont!
Missing character: There is no i in font nullfont!
Missing character: There is no c in font nullfont!
Missing character: There is no s in font nullfont!
! Undefined control sequence.
l.28 \englishinstitute
                      {Institute of Mechanics, Chinese Academy of Sciences}%...
The control sequence at the end of the top line
of your error message was never \def'ed. If you have
misspelled it (e.g., `\hobx'), type `I' and the correct
spelling (e.g., `I\hbox'). Otherwise just continue,
and I'll forget about whatever was undefined.

Missing character: There is no I in font nullfont!
Missing character: There is no n in font nullfont!
Missing character: There is no s in font nullfont!
Missing character: There is no t in font nullfont!
Missing character: There is no i in font nullfont!
Missing character: There is no t in font nullfont!
Missing character: There is no u in font nullfont!
Missing character: There is no t in font nullfont!
Missing character: There is no e in font nullfont!
Missing character: There is no o in font nullfont!
Missing character: There is no f in font nullfont!
Missing character: There is no M in font nullfont!
Missing character: There is no e in font nullfont!
Missing character: There is no c in font nullfont!
Missing character: There is no h in font nullfont!
Missing character: There is no a in font nullfont!
Missing character: There is no n in font nullfont!
Missing character: There is no i in font nullfont!
Missing character: There is no c in font nullfont!
Missing character: There is no s in font nullfont!
Missing character: There is no , in font nullfont!
Missing character: There is no C in font nullfont!
Missing character: There is no h in font nullfont!
Missing character: There is no i in font nullfont!
Missing character: There is no n in font nullfont!
Missing character: There is no e in font nullfont!
Missing character: There is no s in font nullfont!
Missing character: There is no e in font nullfont!
Missing character: There is no A in font nullfont!
Missing character: There is no c in font nullfont!
Missing character: There is no a in font nullfont!
Missing character: There is no d in font nullfont!
Missing character: There is no e in font nullfont!
Missing character: There is no m in font nullfont!
Missing character: There is no y in font nullfont!
Missing character: There is no o in font nullfont!
Missing character: There is no f in font nullfont!
Missing character: There is no S in font nullfont!
Missing character: There is no c in font nullfont!
Missing character: There is no i in font nullfont!
Missing character: There is no e in font nullfont!
Missing character: There is no n in font nullfont!
Missing character: There is no c in font nullfont!
Missing character: There is no e in font nullfont!
Missing character: There is no s in font nullfont!
! Undefined control sequence.
l.29 \englishdate
                 {June, 2014}% æ¯•ä¸šæ—¥æœŸï¼šå¤å­£ä¸ºJuneã€å†¬å­£ä¸ºDecember
The control sequence at the end of the top line
of your error message was never \def'ed. If you have
misspelled it (e.g., `\hobx'), type `I' and the correct
spelling (e.g., `I\hbox'). Otherwise just continue,
and I'll forget about whatever was undefined.

Missing character: There is no J in font nullfont!
Missing character: There is no u in font nullfont!
Missing character: There is no n in font nullfont!
Missing character: There is no e in font nullfont!
Missing character: There is no , in font nullfont!
Missing character: There is no 2 in font nullfont!
Missing character: There is no 0 in font nullfont!
Missing character: There is no 1 in font nullfont!
Missing character: There is no 4 in font nullfont!
! Undefined control sequence.
l.33 \maketitle
               % ç”Ÿæˆä¸­æ–‡å°é¢
The control sequence at the end of the top line
of your error message was never \def'ed. If you have
misspelled it (e.g., `\hobx'), type `I' and the correct
spelling (e.g., `I\hbox'). Otherwise just continue,
and I'll forget about whatever was undefined.

! Undefined control sequence.
l.34 \makeenglishtitle
                      % ç”Ÿæˆè‹±æ–‡å°é¢
The control sequence at the end of the top line
of your error message was never \def'ed. If you have
misspelled it (e.g., `\hobx'), type `I' and the correct
spelling (e.g., `I\hbox'). Otherwise just continue,
and I'll forget about whatever was undefined.

! Undefined control sequence.
l.38 \makedeclaration
                     % ç”Ÿæˆå£°æ˜é¡µ
The control sequence at the end of the top line
of your error message was never \def'ed. If you have
misspelled it (e.g., `\hobx'), type `I' and the correct
spelling (e.g., `I\hbox'). Otherwise just continue,
and I'll forget about whatever was undefined.

! Undefined control sequence.
l.42 \chapter
             *{æ‘˜\quad è¦}\chaptermark{æ‘˜\quad è¦}% æ‘˜è¦æ ‡é¢˜
The control sequence at the end of the top line
of your error message was never \def'ed. If you have
misspelled it (e.g., `\hobx'), type `I' and the correct
spelling (e.g., `I\hbox'). Otherwise just continue,
and I'll forget about whatever was undefined.

Missing character: There is no * in font nullfont!

! Package inputenc Error: Unicode character æ‘˜ (U+6458)
(inputenc)                not set up for use with LaTeX.

See the inputenc package documentation for explanation.
Type  H <return>  for immediate help.
 ...                                              
                                                  
l.42 \chapter*{æ‘˜
                  \quad è¦}\chaptermark{æ‘˜\quad è¦}% æ‘˜è¦æ ‡é¢˜
You may provide a definition with
\DeclareUnicodeCharacter 


! Package inputenc Error: Unicode character è¦ (U+8981)
(inputenc)                not set up for use with LaTeX.

See the inputenc package documentation for explanation.
Type  H <return>  for immediate help.
 ...                                              
                                                  
l.42 \chapter*{æ‘˜\quad è¦
                           }\chaptermark{æ‘˜\quad è¦}% æ‘˜è¦æ ‡é¢˜
You may provide a definition with
\DeclareUnicodeCharacter 

! Undefined control sequence.
l.42 \chapter*{æ‘˜\quad è¦}\chaptermark
                                        {æ‘˜\quad è¦}% æ‘˜è¦æ ‡é¢˜
The control sequence at the end of the top line
of your error message was never \def'ed. If you have
misspelled it (e.g., `\hobx'), type `I' and the correct
spelling (e.g., `I\hbox'). Otherwise just continue,
and I'll forget about whatever was undefined.


! Package inputenc Error: Unicode character æ‘˜ (U+6458)
(inputenc)                not set up for use with LaTeX.

See the inputenc package documentation for explanation.
Type  H <return>  for immediate help.
 ...                                              
                                                  
l.42 \chapter*{æ‘˜\quad è¦}\chaptermark{æ‘˜
                                            \quad è¦}% æ‘˜è¦æ ‡é¢˜
You may provide a definition with
\DeclareUnicodeCharacter 


! Package inputenc Error: Unicode character è¦ (U+8981)
(inputenc)                not set up for use with LaTeX.

See the inputenc package documentation for explanation.
Type  H <return>  for immediate help.
 ...                                              
                                                  
l.42 ...er*{æ‘˜\quad è¦}\chaptermark{æ‘˜\quad è¦
                                                  }% æ‘˜è¦æ ‡é¢˜
You may provide a definition with
\DeclareUnicodeCharacter 


Overfull \hbox (397.752pt too wide) in paragraph at lines 8--45
[]$[]\OML/cmm/m/it/10 ogo[][][][][][][][]$ $[]^^Y[]$
 []


! Package inputenc Error: Unicode character æœ¬ (U+672C)
(inputenc)                not set up for use with LaTeX.

See the inputenc package documentation for explanation.
Type  H <return>  for immediate help.
 ...                                              
                                                  
l.46 æœ¬
        æ–‡æ˜¯ä¸­å›½ç§‘å­¦é™¢å¤§å­¦å­¦ä½è®ºæ–‡æ¨¡æ¿ucasthesisçš„ä½¿ç”¨è¯´æ...

You may provide a definition with
\DeclareUnicodeCharacter 


! Package inputenc Error: Unicode character æ–‡ (U+6587)
(inputenc)                not set up for use with LaTeX.

See the inputenc package documentation for explanation.
Type  H <return>  for immediate help.
 ...                                              
                                                  
l.46 æœ¬æ–‡
           æ˜¯ä¸­å›½ç§‘å­¦é™¢å¤§å­¦å­¦ä½è®ºæ–‡æ¨¡æ¿ucasthesisçš„ä½¿ç”¨è¯´æ...

You may provide a definition with
\DeclareUnicodeCharacter 


! Package inputenc Error: Unicode character æ˜¯ (U+662F)
(inputenc)                not set up for use with LaTeX.

See the inputenc package documentation for explanation.
Type  H <return>  for immediate help.
 ...                                              
                                                  
l.46 æœ¬æ–‡æ˜¯
              ä¸­å›½ç§‘å­¦é™¢å¤§å­¦å­¦ä½è®ºæ–‡æ¨¡æ¿ucasthesisçš„ä½¿ç”¨è¯´æ...

You may provide a definition with
\DeclareUnicodeCharacter 


! Package inputenc Error: Unicode character ä¸­ (U+4E2D)
(inputenc)                not set up for use with LaTeX.

See the inputenc package documentation for explanation.
Type  H <return>  for immediate help.
 ...                                              
                                                  
l.46 æœ¬æ–‡æ˜¯ä¸­
                 å›½ç§‘å­¦é™¢å¤§å­¦å­¦ä½è®ºæ–‡æ¨¡æ¿ucasthesisçš„ä½¿ç”¨è¯´æ...

You may provide a definition with
\DeclareUnicodeCharacter 


! Package inputenc Error: Unicode character å›½ (U+56FD)
(inputenc)                not set up for use with LaTeX.

See the inputenc package documentation for explanation.
Type  H <return>  for immediate help.
 ...                                              
                                                  
l.46 æœ¬æ–‡æ˜¯ä¸­å›½
                    ç§‘å­¦é™¢å¤§å­¦å­¦ä½è®ºæ–‡æ¨¡æ¿ucasthesisçš„ä½¿ç”¨è¯´æ...

You may provide a definition with
\DeclareUnicodeCharacter 


! Package inputenc Error: Unicode character ç§‘ (U+79D1)
(inputenc)                not set up for use with LaTeX.

See the inputenc package documentation for explanation.
Type  H <return>  for immediate help.
 ...                                              
                                                  
l.46 æœ¬æ–‡æ˜¯ä¸­å›½ç§‘
                       å­¦é™¢å¤§å­¦å­¦ä½è®ºæ–‡æ¨¡æ¿ucasthesisçš„ä½¿ç”¨è¯´æ...

You may provide a definition with
\DeclareUnicodeCharacter 


! Package inputenc Error: Unicode character å­¦ (U+5B66)
(inputenc)                not set up for use with LaTeX.

See the inputenc package documentation for explanation.
Type  H <return>  for immediate help.
 ...                                              
                                                  
l.46 æœ¬æ–‡æ˜¯ä¸­å›½ç§‘å­¦
                          é™¢å¤§å­¦å­¦ä½è®ºæ–‡æ¨¡æ¿ucasthesisçš„ä½¿ç”¨è¯´æ...

You may provide a definition with
\DeclareUnicodeCharacter 


! Package inputenc Error: Unicode character é™¢ (U+9662)
(inputenc)                not set up for use with LaTeX.

See the inputenc package documentation for explanation.
Type  H <return>  for immediate help.
 ...                                              
                                                  
l.46 æœ¬æ–‡æ˜¯ä¸­å›½ç§‘å­¦é™¢
                             å¤§å­¦å­¦ä½è®ºæ–‡æ¨¡æ¿ucasthesisçš„ä½¿ç”¨è¯´æ...

You may provide a definition with
\DeclareUnicodeCharacter 


! Package inputenc Error: Unicode character å¤§ (U+5927)
(inputenc)                not set up for use with LaTeX.

See the inputenc package documentation for explanation.
Type  H <return>  for immediate help.
 ...                                              
                                                  
l.46 æœ¬æ–‡æ˜¯ä¸­å›½ç§‘å­¦é™¢å¤§
                                å­¦å­¦ä½è®ºæ–‡æ¨¡æ¿ucasthesisçš„ä½¿ç”¨è¯´æ...

You may provide a definition with
\DeclareUnicodeCharacter 


! Package inputenc Error: Unicode character å­¦ (U+5B66)
(inputenc)                not set up for use with LaTeX.

See the inputenc package documentation for explanation.
Type  H <return>  for immediate help.
 ...                                              
                                                  
l.46 æœ¬æ–‡æ˜¯ä¸­å›½ç§‘å­¦é™¢å¤§å­¦
                                   å­¦ä½è®ºæ–‡æ¨¡æ¿ucasthesisçš„ä½¿ç”¨è¯´æ...

You may provide a definition with
\DeclareUnicodeCharacter 


! Package inputenc Error: Unicode character å­¦ (U+5B66)
(inputenc)                not set up for use with LaTeX.

See the inputenc package documentation for explanation.
Type  H <return>  for immediate help.
 ...                                              
                                                  
l.46 æœ¬æ–‡æ˜¯ä¸­å›½ç§‘å­¦é™¢å¤§å­¦å­¦
                                      ä½è®ºæ–‡æ¨¡æ¿ucasthesisçš„ä½¿ç”¨è¯´æ...

You may provide a definition with
\DeclareUnicodeCharacter 


! Package inputenc Error: Unicode character ä½ (U+4F4D)
(inputenc)                not set up for use with LaTeX.

See the inputenc package documentation for explanation.
Type  H <return>  for immediate help.
 ...                                              
                                                  
l.46 æœ¬æ–‡æ˜¯ä¸­å›½ç§‘å­¦é™¢å¤§å­¦å­¦ä½
                                         è®ºæ–‡æ¨¡æ¿ucasthesisçš„ä½¿ç”¨è¯´æ...

You may provide a definition with
\DeclareUnicodeCharacter 


! Package inputenc Error: Unicode character è®º (U+8BBA)
(inputenc)                not set up for use with LaTeX.

See the inputenc package documentation for explanation.
Type  H <return>  for immediate help.
 ...                                              
                                                  
l.46 æœ¬æ–‡æ˜¯ä¸­å›½ç§‘å­¦é™¢å¤§å­¦å­¦ä½è®º
                                            æ–‡æ¨¡æ¿ucasthesisçš„ä½¿ç”¨è¯´æ...

You may provide a definition with
\DeclareUnicodeCharacter 


! Package inputenc Error: Unicode character æ–‡ (U+6587)
(inputenc)                not set up for use with LaTeX.

See the inputenc package documentation for explanation.
Type  H <return>  for immediate help.
 ...                                              
                                                  
l.46 æœ¬æ–‡æ˜¯ä¸­å›½ç§‘å­¦é™¢å¤§å­¦å­¦ä½è®ºæ–‡
                                               æ¨¡æ¿ucasthesisçš„ä½¿ç”¨è¯´æ...

You may provide a definition with
\DeclareUnicodeCharacter 


! Package inputenc Error: Unicode character æ¨¡ (U+6A21)
(inputenc)                not set up for use with LaTeX.

See the inputenc package documentation for explanation.
Type  H <return>  for immediate help.
 ...                                              
                                                  
l.46 æœ¬æ–‡æ˜¯ä¸­å›½ç§‘å­¦é™¢å¤§å­¦å­¦ä½è®ºæ–‡æ¨¡
                                                  æ¿ucasthesisçš„ä½¿ç”¨è¯´æ...

You may provide a definition with
\DeclareUnicodeCharacter 


! Package inputenc Error: Unicode character æ¿ (U+677F)
(inputenc)                not set up for use with LaTeX.

See the inputenc package documentation for explanation.
Type  H <return>  for immediate help.
 ...                                              
                                                  
l.46 ...æ˜¯ä¸­å›½ç§‘å­¦é™¢å¤§å­¦å­¦ä½è®ºæ–‡æ¨¡æ¿
                                                  ucasthesisçš„ä½¿ç”¨è¯´æ˜æ...

You may provide a definition with
\DeclareUnicodeCharacter 


! LaTeX Error: Missing \begin{document}.

See the LaTeX manual or LaTeX Companion for explanation.
Type  H <return>  for immediate help.
 ...                                              
                                                  
l.46 ...˜¯ä¸­å›½ç§‘å­¦é™¢å¤§å­¦å­¦ä½è®ºæ–‡æ¨¡æ¿u
                                                  casthesisçš„ä½¿ç”¨è¯´æ˜æ–...

You're in trouble here.  Try typing  <return>  to proceed.
If that doesn't work, type  X <return>  to quit.

Missing character: There is no u in font nullfont!
Missing character: There is no c in font nullfont!
Missing character: There is no a in font nullfont!
Missing character: There is no s in font nullfont!
Missing character: There is no t in font nullfont!
Missing character: There is no h in font nullfont!
Missing character: There is no e in font nullfont!
Missing character: There is no s in font nullfont!
Missing character: There is no i in font nullfont!
Missing character: There is no s in font nullfont!

! Package inputenc Error: Unicode character çš„ (U+7684)
(inputenc)                not set up for use with LaTeX.

See the inputenc package documentation for explanation.
Type  H <return>  for immediate help.
 ...                                              
                                                  
l.46 ...­¦é™¢å¤§å­¦å­¦ä½è®ºæ–‡æ¨¡æ¿ucasthesisçš„
                                                  ä½¿ç”¨è¯´æ˜æ–‡æ¡£ã€‚ä¸»è¦...

You may provide a definition with
\DeclareUnicodeCharacter 


! Package inputenc Error: Unicode character ä½¿ (U+4F7F)
(inputenc)                not set up for use with LaTeX.

See the inputenc package documentation for explanation.
Type  H <return>  for immediate help.
 ...                                              
                                                  
l.46 ...™¢å¤§å­¦å­¦ä½è®ºæ–‡æ¨¡æ¿ucasthesisçš„ä½¿
                                                  ç”¨è¯´æ˜æ–‡æ¡£ã€‚ä¸»è¦å†...

You may provide a definition with
\DeclareUnicodeCharacter 


! Package inputenc Error: Unicode character ç”¨ (U+7528)
(inputenc)                not set up for use with LaTeX.

See the inputenc package documentation for explanation.
Type  H <return>  for immediate help.
 ...                                              
                                                  
l.46 ...¤§å­¦å­¦ä½è®ºæ–‡æ¨¡æ¿ucasthesisçš„ä½¿ç”¨
                                                  è¯´æ˜æ–‡æ¡£ã€‚ä¸»è¦å†…å®...

You may provide a definition with
\DeclareUnicodeCharacter 


! Package inputenc Error: Unicode character è¯´ (U+8BF4)
(inputenc)                not set up for use with LaTeX.

See the inputenc package documentation for explanation.
Type  H <return>  for immediate help.
 ...                                              
                                                  
l.46 ...­¦å­¦ä½è®ºæ–‡æ¨¡æ¿ucasthesisçš„ä½¿ç”¨è¯´
                                                  æ˜æ–‡æ¡£ã€‚ä¸»è¦å†…å®¹ä¸...

You may provide a definition with
\DeclareUnicodeCharacter 


! Package inputenc Error: Unicode character æ˜ (U+660E)
(inputenc)                not set up for use with LaTeX.

See the inputenc package documentation for explanation.
Type  H <return>  for immediate help.
 ...                                              
                                                  
l.46 ...­¦ä½è®ºæ–‡æ¨¡æ¿ucasthesisçš„ä½¿ç”¨è¯´æ˜
                                                  æ–‡æ¡£ã€‚ä¸»è¦å†…å®¹ä¸ºä»...

You may provide a definition with
\DeclareUnicodeCharacter 


! Package inputenc Error: Unicode character æ–‡ (U+6587)
(inputenc)                not set up for use with LaTeX.

See the inputenc package documentation for explanation.
Type  H <return>  for immediate help.
 ...                                              
                                                  
l.46 ...½è®ºæ–‡æ¨¡æ¿ucasthesisçš„ä½¿ç”¨è¯´æ˜æ–‡
                                                  æ¡£ã€‚ä¸»è¦å†…å®¹ä¸ºä»‹ç»...

You may provide a definition with
\DeclareUnicodeCharacter 


! Package inputenc Error: Unicode character æ¡£ (U+6863)
(inputenc)                not set up for use with LaTeX.

See the inputenc package documentation for explanation.
Type  H <return>  for immediate help.
 ...                                              
                                                  
l.46 ...®ºæ–‡æ¨¡æ¿ucasthesisçš„ä½¿ç”¨è¯´æ˜æ–‡æ¡£
                                                  ã€‚ä¸»è¦å†…å®¹ä¸ºä»‹ç»\L...

You may provide a definition with
\DeclareUnicodeCharacter 


! Package inputenc Error: Unicode character ã€‚ (U+3002)
(inputenc)                not set up for use with LaTeX.

See the inputenc package documentation for explanation.
Type  H <return>  for immediate help.
 ...                                              
                                                  
l.46 ...–‡æ¨¡æ¿ucasthesisçš„ä½¿ç”¨è¯´æ˜æ–‡æ¡£ã€‚
                                                  ä¸»è¦å†…å®¹ä¸ºä»‹ç»\LaTe...

You may provide a definition with
\DeclareUnicodeCharacter 


! Package inputenc Error: Unicode character ä¸» (U+4E3B)
(inputenc)                not set up for use with LaTeX.

See the inputenc package documentation for explanation.
Type  H <return>  for immediate help.
 ...                                              
                                                  
l.46 ...¨¡æ¿ucasthesisçš„ä½¿ç”¨è¯´æ˜æ–‡æ¡£ã€‚ä¸»
                                                  è¦å†…å®¹ä¸ºä»‹ç»\LaTeX{}...

You may provide a definition with
\DeclareUnicodeCharacter 


! Package inputenc Error: Unicode character è¦ (U+8981)
(inputenc)                not set up for use with LaTeX.

See the inputenc package documentation for explanation.
Type  H <return>  for immediate help.
 ...                                              
                                                  
l.46 ...¿ucasthesisçš„ä½¿ç”¨è¯´æ˜æ–‡æ¡£ã€‚ä¸»è¦
                                                  å†…å®¹ä¸ºä»‹ç»\LaTeX{}æ–‡...

You may provide a definition with
\DeclareUnicodeCharacter 


! Package inputenc Error: Unicode character å†… (U+5185)
(inputenc)                not set up for use with LaTeX.

See the inputenc package documentation for explanation.
Type  H <return>  for immediate help.
 ...                                              
                                                  
l.46 ...casthesisçš„ä½¿ç”¨è¯´æ˜æ–‡æ¡£ã€‚ä¸»è¦å†…
                                                  å®¹ä¸ºä»‹ç»\LaTeX{}æ–‡æ¡£...

You may provide a definition with
\DeclareUnicodeCharacter 


! Package inputenc Error: Unicode character å®¹ (U+5BB9)
(inputenc)                not set up for use with LaTeX.

See the inputenc package documentation for explanation.
Type  H <return>  for immediate help.
 ...                                              
                                                  
l.46 ...thesisçš„ä½¿ç”¨è¯´æ˜æ–‡æ¡£ã€‚ä¸»è¦å†…å®¹
                                                  ä¸ºä»‹ç»\LaTeX{}æ–‡æ¡£ç±»...

You may provide a definition with
\DeclareUnicodeCharacter 


! Package inputenc Error: Unicode character ä¸º (U+4E3A)
(inputenc)                not set up for use with LaTeX.

See the inputenc package documentation for explanation.
Type  H <return>  for immediate help.
 ...                                              
                                                  
l.46 ...sisçš„ä½¿ç”¨è¯´æ˜æ–‡æ¡£ã€‚ä¸»è¦å†…å®¹ä¸º
                                                  ä»‹ç»\LaTeX{}æ–‡æ¡£ç±»uca...

You may provide a definition with
\DeclareUnicodeCharacter 


! Package inputenc Error: Unicode character ä»‹ (U+4ECB)
(inputenc)                not set up for use with LaTeX.

See the inputenc package documentation for explanation.
Type  H <return>  for immediate help.
 ...                                              
                                                  
l.46 ...çš„ä½¿ç”¨è¯´æ˜æ–‡æ¡£ã€‚ä¸»è¦å†…å®¹ä¸ºä»‹
                                                  ç»\LaTeX{}æ–‡æ¡£ç±»ucasth...

You may provide a definition with
\DeclareUnicodeCharacter 


! Package inputenc Error: Unicode character ç» (U+7ECD)
(inputenc)                not set up for use with LaTeX.

See the inputenc package documentation for explanation.
Type  H <return>  for immediate help.
 ...                                              
                                                  
l.46 ...ä½¿ç”¨è¯´æ˜æ–‡æ¡£ã€‚ä¸»è¦å†…å®¹ä¸ºä»‹ç»
                                                  \LaTeX{}æ–‡æ¡£ç±»ucasthesi...

You may provide a definition with
\DeclareUnicodeCharacter 

Missing character: There is no L in font nullfont!
Missing character: There is no T in font nullfont!
Missing character: There is no T in font nullfont!
Missing character: There is no E in font nullfont!
Missing character: There is no X in font nullfont!

! Package inputenc Error: Unicode character æ–‡ (U+6587)
(inputenc)                not set up for use with LaTeX.

See the inputenc package documentation for explanation.
Type  H <return>  for immediate help.
 ...                                              
                                                  
l.46 ...æ–‡æ¡£ã€‚ä¸»è¦å†…å®¹ä¸ºä»‹ç»\LaTeX{}æ–‡
                                                  æ¡£ç±»ucasthesisçš„ç”¨æ³•ï...

You may provide a definition with
\DeclareUnicodeCharacter 


! Package inputenc Error: Unicode character æ¡£ (U+6863)
(inputenc)                not set up for use with LaTeX.

See the inputenc package documentation for explanation.
Type  H <return>  for immediate help.
 ...                                              
                                                  
l.46 ...‡æ¡£ã€‚ä¸»è¦å†…å®¹ä¸ºä»‹ç»\LaTeX{}æ–‡æ¡£
                                                  ç±»ucasthesisçš„ç”¨æ³•ï¼Œä...

You may provide a definition with
\DeclareUnicodeCharacter 


! Package inputenc Error: Unicode character ç±» (U+7C7B)
(inputenc)                not set up for use with LaTeX.

See the inputenc package documentation for explanation.
Type  H <return>  for immediate help.
 ...                                              
                                                  
l.46 ...£ã€‚ä¸»è¦å†…å®¹ä¸ºä»‹ç»\LaTeX{}æ–‡æ¡£ç±»
                                                  ucasthesisçš„ç”¨æ³•ï¼Œä»¥å...

You may provide a definition with
\DeclareUnicodeCharacter 

Missing character: There is no u in font nullfont!
Missing character: There is no c in font nullfont!
Missing character: There is no a in font nullfont!
Missing character: There is no s in font nullfont!
Missing character: There is no t in font nullfont!
Missing character: There is no h in font nullfont!
Missing character: There is no e in font nullfont!
Missing character: There is no s in font nullfont!
Missing character: There is no i in font nullfont!
Missing character: There is no s in font nullfont!

! Package inputenc Error: Unicode character çš„ (U+7684)
(inputenc)                not set up for use with LaTeX.

See the inputenc package documentation for explanation.
Type  H <return>  for immediate help.
 ...                                              
                                                  
l.46 ...å®¹ä¸ºä»‹ç»\LaTeX{}æ–‡æ¡£ç±»ucasthesisçš„
                                                  ç”¨æ³•ï¼Œä»¥åŠå¦‚ä½•ä½¿ç”...

You may provide a definition with
\DeclareUnicodeCharacter 


! Package inputenc Error: Unicode character ç”¨ (U+7528)
(inputenc)                not set up for use with LaTeX.

See the inputenc package documentation for explanation.
Type  H <return>  for immediate help.
 ...                                              
                                                  
l.46 ...ä¸ºä»‹ç»\LaTeX{}æ–‡æ¡£ç±»ucasthesisçš„ç”¨
                                                  æ³•ï¼Œä»¥åŠå¦‚ä½•ä½¿ç”¨\L...

You may provide a definition with
\DeclareUnicodeCharacter 


! Package inputenc Error: Unicode character æ³• (U+6CD5)
(inputenc)                not set up for use with LaTeX.

See the inputenc package documentation for explanation.
Type  H <return>  for immediate help.
 ...                                              
                                                  
l.46 ...ä»‹ç»\LaTeX{}æ–‡æ¡£ç±»ucasthesisçš„ç”¨æ³•
                                                  ï¼Œä»¥åŠå¦‚ä½•ä½¿ç”¨\LaTe...

You may provide a definition with
\DeclareUnicodeCharacter 


! Package inputenc Error: Unicode character ï¼Œ (U+FF0C)
(inputenc)                not set up for use with LaTeX.

See the inputenc package documentation for explanation.
Type  H <return>  for immediate help.
 ...                                              
                                                  
l.46 ...ç»\LaTeX{}æ–‡æ¡£ç±»ucasthesisçš„ç”¨æ³•ï¼Œ
                                                  ä»¥åŠå¦‚ä½•ä½¿ç”¨\LaTeX{}...

You may provide a definition with
\DeclareUnicodeCharacter 


! Package inputenc Error: Unicode character ä»¥ (U+4EE5)
(inputenc)                not set up for use with LaTeX.

See the inputenc package documentation for explanation.
Type  H <return>  for immediate help.
 ...                                              
                                                  
l.46 ...\LaTeX{}æ–‡æ¡£ç±»ucasthesisçš„ç”¨æ³•ï¼Œä»¥
                                                  åŠå¦‚ä½•ä½¿ç”¨\LaTeX{}å¿«...

You may provide a definition with
\DeclareUnicodeCharacter 


! Package inputenc Error: Unicode character åŠ (U+53CA)
(inputenc)                not set up for use with LaTeX.

See the inputenc package documentation for explanation.
Type  H <return>  for immediate help.
 ...                                              
                                                  
l.46 ...TeX{}æ–‡æ¡£ç±»ucasthesisçš„ç”¨æ³•ï¼Œä»¥åŠ
                                                  å¦‚ä½•ä½¿ç”¨\LaTeX{}å¿«é€Ÿ...

You may provide a definition with
\DeclareUnicodeCharacter 


! Package inputenc Error: Unicode character å¦‚ (U+5982)
(inputenc)                not set up for use with LaTeX.

See the inputenc package documentation for explanation.
Type  H <return>  for immediate help.
 ...                                              
                                                  
l.46 ...{}æ–‡æ¡£ç±»ucasthesisçš„ç”¨æ³•ï¼Œä»¥åŠå¦‚
                                                  ä½•ä½¿ç”¨\LaTeX{}å¿«é€Ÿé«˜...

You may provide a definition with
\DeclareUnicodeCharacter 


! Package inputenc Error: Unicode character ä½• (U+4F55)
(inputenc)                not set up for use with LaTeX.

See the inputenc package documentation for explanation.
Type  H <return>  for immediate help.
 ...                                              
                                                  
l.46 ...–‡æ¡£ç±»ucasthesisçš„ç”¨æ³•ï¼Œä»¥åŠå¦‚ä½•
                                                  ä½¿ç”¨\LaTeX{}å¿«é€Ÿé«˜æ•ˆ...

You may provide a definition with
\DeclareUnicodeCharacter 


! Package inputenc Error: Unicode character ä½¿ (U+4F7F)
(inputenc)                not set up for use with LaTeX.

See the inputenc package documentation for explanation.
Type  H <return>  for immediate help.
 ...                                              
                                                  
l.46 ...¡£ç±»ucasthesisçš„ç”¨æ³•ï¼Œä»¥åŠå¦‚ä½•ä½¿
                                                  ç”¨\LaTeX{}å¿«é€Ÿé«˜æ•ˆåœ°...

You may provide a definition with
\DeclareUnicodeCharacter 


! Package inputenc Error: Unicode character ç”¨ (U+7528)
(inputenc)                not set up for use with LaTeX.

See the inputenc package documentation for explanation.
Type  H <return>  for immediate help.
 ...                                              
                                                  
l.46 ...±»ucasthesisçš„ç”¨æ³•ï¼Œä»¥åŠå¦‚ä½•ä½¿ç”¨
                                                  \LaTeX{}å¿«é€Ÿé«˜æ•ˆåœ°æ’°...

You may provide a definition with
\DeclareUnicodeCharacter 

Missing character: There is no L in font nullfont!
Missing character: There is no T in font nullfont!
Missing character: There is no T in font nullfont!
Missing character: There is no E in font nullfont!
Missing character: There is no X in font nullfont!

! Package inputenc Error: Unicode character å¿« (U+5FEB)
(inputenc)                not set up for use with LaTeX.

See the inputenc package documentation for explanation.
Type  H <return>  for immediate help.
 ...                                              
                                                  
l.46 ...sçš„ç”¨æ³•ï¼Œä»¥åŠå¦‚ä½•ä½¿ç”¨\LaTeX{}å¿«
                                                  é€Ÿé«˜æ•ˆåœ°æ’°å†™å­¦ä½è®...

You may provide a definition with
\DeclareUnicodeCharacter 


! Package inputenc Error: Unicode character é€Ÿ (U+901F)
(inputenc)                not set up for use with LaTeX.

See the inputenc package documentation for explanation.
Type  H <return>  for immediate help.
 ...                                              
                                                  
l.46 ...„ç”¨æ³•ï¼Œä»¥åŠå¦‚ä½•ä½¿ç”¨\LaTeX{}å¿«é€Ÿ
                                                  é«˜æ•ˆåœ°æ’°å†™å­¦ä½è®ºæ–...

You may provide a definition with
\DeclareUnicodeCharacter 


! Package inputenc Error: Unicode character é«˜ (U+9AD8)
(inputenc)                not set up for use with LaTeX.

See the inputenc package documentation for explanation.
Type  H <return>  for immediate help.
 ...                                              
                                                  
l.46 ...¨æ³•ï¼Œä»¥åŠå¦‚ä½•ä½¿ç”¨\LaTeX{}å¿«é€Ÿé«˜
                                                  æ•ˆåœ°æ’°å†™å­¦ä½è®ºæ–‡ã€‚
You may provide a definition with
\DeclareUnicodeCharacter 


! Package inputenc Error: Unicode character æ•ˆ (U+6548)
(inputenc)                not set up for use with LaTeX.

See the inputenc package documentation for explanation.
Type  H <return>  for immediate help.
 ...                                              
                                                  
l.46 ...•ï¼Œä»¥åŠå¦‚ä½•ä½¿ç”¨\LaTeX{}å¿«é€Ÿé«˜æ•ˆ
                                                  åœ°æ’°å†™å­¦ä½è®ºæ–‡ã€‚
You may provide a definition with
\DeclareUnicodeCharacter 


! Package inputenc Error: Unicode character åœ° (U+5730)
(inputenc)                not set up for use with LaTeX.

See the inputenc package documentation for explanation.
Type  H <return>  for immediate help.
 ...                                              
                                                  
l.46 ...Œä»¥åŠå¦‚ä½•ä½¿ç”¨\LaTeX{}å¿«é€Ÿé«˜æ•ˆåœ°
                                                  æ’°å†™å­¦ä½è®ºæ–‡ã€‚
You may provide a definition with
\DeclareUnicodeCharacter 


! Package inputenc Error: Unicode character æ’° (U+64B0)
(inputenc)                not set up for use with LaTeX.

See the inputenc package documentation for explanation.
Type  H <return>  for immediate help.
 ...                                              
                                                  
l.46 ...¥åŠå¦‚ä½•ä½¿ç”¨\LaTeX{}å¿«é€Ÿé«˜æ•ˆåœ°æ’°
                                                  å†™å­¦ä½è®ºæ–‡ã€‚
You may provide a definition with
\DeclareUnicodeCharacter 


! Package inputenc Error: Unicode character å†™ (U+5199)
(inputenc)                not set up for use with LaTeX.

See the inputenc package documentation for explanation.
Type  H <return>  for immediate help.
 ...                                              
                                                  
l.46 ...Šå¦‚ä½•ä½¿ç”¨\LaTeX{}å¿«é€Ÿé«˜æ•ˆåœ°æ’°å†™
                                                  å­¦ä½è®ºæ–‡ã€‚
You may provide a definition with
\DeclareUnicodeCharacter 


! Package inputenc Error: Unicode character å­¦ (U+5B66)
(inputenc)                not set up for use with LaTeX.

See the inputenc package documentation for explanation.
Type  H <return>  for immediate help.
 ...                                              
                                                  
l.46 ...‚ä½•ä½¿ç”¨\LaTeX{}å¿«é€Ÿé«˜æ•ˆåœ°æ’°å†™å­¦
                                                  ä½è®ºæ–‡ã€‚
You may provide a definition with
\DeclareUnicodeCharacter 


! Package inputenc Error: Unicode character ä½ (U+4F4D)
(inputenc)                not set up for use with LaTeX.

See the inputenc package documentation for explanation.
Type  H <return>  for immediate help.
 ...                                              
                                                  
l.46 ...•ä½¿ç”¨\LaTeX{}å¿«é€Ÿé«˜æ•ˆåœ°æ’°å†™å­¦ä½
                                                  è®ºæ–‡ã€‚
You may provide a definition with
\DeclareUnicodeCharacter 


! Package inputenc Error: Unicode character è®º (U+8BBA)
(inputenc)                not set up for use with LaTeX.

See the inputenc package documentation for explanation.
Type  H <return>  for immediate help.
 ...                                              
                                                  
l.46 ...¿ç”¨\LaTeX{}å¿«é€Ÿé«˜æ•ˆåœ°æ’°å†™å­¦ä½è®º
                                                  æ–‡ã€‚
You may provide a definition with
\DeclareUnicodeCharacter 


! Package inputenc Error: Unicode character æ–‡ (U+6587)
(inputenc)                not set up for use with LaTeX.

See the inputenc package documentation for explanation.
Type  H <return>  for immediate help.
 ...                                              
                                                  
l.46 ...¨\LaTeX{}å¿«é€Ÿé«˜æ•ˆåœ°æ’°å†™å­¦ä½è®ºæ–‡
                                                  ã€‚
You may provide a definition with
\DeclareUnicodeCharacter 


! Package inputenc Error: Unicode character ã€‚ (U+3002)
(inputenc)                not set up for use with LaTeX.

See the inputenc package documentation for explanation.
Type  H <return>  for immediate help.
 ...                                              
                                                  
l.46 ...aTeX{}å¿«é€Ÿé«˜æ•ˆåœ°æ’°å†™å­¦ä½è®ºæ–‡ã€‚
                                                  
You may provide a definition with
\DeclareUnicodeCharacter 


Overfull \hbox (31.80563pt too wide) in paragraph at lines 46--47
[][][][][] 
 []

! Undefined control sequence.
l.48 \keywords
              {ä¸­å›½ç§‘å­¦é™¢å¤§å­¦ï¼Œå­¦ä½è®ºæ–‡ï¼Œ\LaTeX{}æ¨¡æ¿}% ä¸­æ–...
The control sequence at the end of the top line
of your error message was never \def'ed. If you have
misspelled it (e.g., `\hobx'), type `I' and the correct
spelling (e.g., `I\hbox'). Otherwise just continue,
and I'll forget about whatever was undefined.


! Package inputenc Error: Unicode character ä¸­ (U+4E2D)
(inputenc)                not set up for use with LaTeX.

See the inputenc package documentation for explanation.
Type  H <return>  for immediate help.
 ...                                              
                                                  
l.48 \keywords{ä¸­
                  å›½ç§‘å­¦é™¢å¤§å­¦ï¼Œå­¦ä½è®ºæ–‡ï¼Œ\LaTeX{}æ¨¡æ¿}% ä¸­æ–...

You may provide a definition with
\DeclareUnicodeCharacter 


! Package inputenc Error: Unicode character å›½ (U+56FD)
(inputenc)                not set up for use with LaTeX.

See the inputenc package documentation for explanation.
Type  H <return>  for immediate help.
 ...                                              
                                                  
l.48 \keywords{ä¸­å›½
                     ç§‘å­¦é™¢å¤§å­¦ï¼Œå­¦ä½è®ºæ–‡ï¼Œ\LaTeX{}æ¨¡æ¿}% ä¸­æ–...

You may provide a definition with
\DeclareUnicodeCharacter 


! Package inputenc Error: Unicode character ç§‘ (U+79D1)
(inputenc)                not set up for use with LaTeX.

See the inputenc package documentation for explanation.
Type  H <return>  for immediate help.
 ...                                              
                                                  
l.48 \keywords{ä¸­å›½ç§‘
                        å­¦é™¢å¤§å­¦ï¼Œå­¦ä½è®ºæ–‡ï¼Œ\LaTeX{}æ¨¡æ¿}% ä¸­æ–...

You may provide a definition with
\DeclareUnicodeCharacter 


! Package inputenc Error: Unicode character å­¦ (U+5B66)
(inputenc)                not set up for use with LaTeX.

See the inputenc package documentation for explanation.
Type  H <return>  for immediate help.
 ...                                              
                                                  
l.48 \keywords{ä¸­å›½ç§‘å­¦
                           é™¢å¤§å­¦ï¼Œå­¦ä½è®ºæ–‡ï¼Œ\LaTeX{}æ¨¡æ¿}% ä¸­æ–...

You may provide a definition with
\DeclareUnicodeCharacter 


! Package inputenc Error: Unicode character é™¢ (U+9662)
(inputenc)                not set up for use with LaTeX.

See the inputenc package documentation for explanation.
Type  H <return>  for immediate help.
 ...                                              
                                                  
l.48 \keywords{ä¸­å›½ç§‘å­¦é™¢
                              å¤§å­¦ï¼Œå­¦ä½è®ºæ–‡ï¼Œ\LaTeX{}æ¨¡æ¿}% ä¸­æ–...

You may provide a definition with
\DeclareUnicodeCharacter 


! Package inputenc Error: Unicode character å¤§ (U+5927)
(inputenc)                not set up for use with LaTeX.

See the inputenc package documentation for explanation.
Type  H <return>  for immediate help.
 ...                                              
                                                  
l.48 \keywords{ä¸­å›½ç§‘å­¦é™¢å¤§
                                 å­¦ï¼Œå­¦ä½è®ºæ–‡ï¼Œ\LaTeX{}æ¨¡æ¿}% ä¸­æ–...

You may provide a definition with
\DeclareUnicodeCharacter 


! Package inputenc Error: Unicode character å­¦ (U+5B66)
(inputenc)                not set up for use with LaTeX.

See the inputenc package documentation for explanation.
Type  H <return>  for immediate help.
 ...                                              
                                                  
l.48 \keywords{ä¸­å›½ç§‘å­¦é™¢å¤§å­¦
                                    ï¼Œå­¦ä½è®ºæ–‡ï¼Œ\LaTeX{}æ¨¡æ¿}% ä¸­æ–...

You may provide a definition with
\DeclareUnicodeCharacter 


! Package inputenc Error: Unicode character ï¼Œ (U+FF0C)
(inputenc)                not set up for use with LaTeX.

See the inputenc package documentation for explanation.
Type  H <return>  for immediate help.
 ...                                              
                                                  
l.48 \keywords{ä¸­å›½ç§‘å­¦é™¢å¤§å­¦ï¼Œ
                                       å­¦ä½è®ºæ–‡ï¼Œ\LaTeX{}æ¨¡æ¿}% ä¸­æ–...

You may provide a definition with
\DeclareUnicodeCharacter 


! Package inputenc Error: Unicode character å­¦ (U+5B66)
(inputenc)                not set up for use with LaTeX.

See the inputenc package documentation for explanation.
Type  H <return>  for immediate help.
 ...                                              
                                                  
l.48 \keywords{ä¸­å›½ç§‘å­¦é™¢å¤§å­¦ï¼Œå­¦
                                          ä½è®ºæ–‡ï¼Œ\LaTeX{}æ¨¡æ¿}% ä¸­æ–...

You may provide a definition with
\DeclareUnicodeCharacter 


! Package inputenc Error: Unicode character ä½ (U+4F4D)
(inputenc)                not set up for use with LaTeX.

See the inputenc package documentation for explanation.
Type  H <return>  for immediate help.
 ...                                              
                                                  
l.48 \keywords{ä¸­å›½ç§‘å­¦é™¢å¤§å­¦ï¼Œå­¦ä½
                                             è®ºæ–‡ï¼Œ\LaTeX{}æ¨¡æ¿}% ä¸­æ–...

You may provide a definition with
\DeclareUnicodeCharacter 


! Package inputenc Error: Unicode character è®º (U+8BBA)
(inputenc)                not set up for use with LaTeX.

See the inputenc package documentation for explanation.
Type  H <return>  for immediate help.
 ...                                              
                                                  
l.48 \keywords{ä¸­å›½ç§‘å­¦é™¢å¤§å­¦ï¼Œå­¦ä½è®º
                                                æ–‡ï¼Œ\LaTeX{}æ¨¡æ¿}% ä¸­æ–...

You may provide a definition with
\DeclareUnicodeCharacter 


! Package inputenc Error: Unicode character æ–‡ (U+6587)
(inputenc)                not set up for use with LaTeX.

See the inputenc package documentation for explanation.
Type  H <return>  for immediate help.
 ...                                              
                                                  
l.48 ...words{ä¸­å›½ç§‘å­¦é™¢å¤§å­¦ï¼Œå­¦ä½è®ºæ–‡
                                                  ï¼Œ\LaTeX{}æ¨¡æ¿}% ä¸­æ–‡...

You may provide a definition with
\DeclareUnicodeCharacter 


! Package inputenc Error: Unicode character ï¼Œ (U+FF0C)
(inputenc)                not set up for use with LaTeX.

See the inputenc package documentation for explanation.
Type  H <return>  for immediate help.
 ...                                              
                                                  
l.48 ...ds{ä¸­å›½ç§‘å­¦é™¢å¤§å­¦ï¼Œå­¦ä½è®ºæ–‡ï¼Œ
                                                  \LaTeX{}æ¨¡æ¿}% ä¸­æ–‡å…³...

You may provide a definition with
\DeclareUnicodeCharacter 


! LaTeX Error: Missing \begin{document}.

See the LaTeX manual or LaTeX Companion for explanation.
Type  H <return>  for immediate help.
 ...                                              
                                                  
l.48 ...å›½ç§‘å­¦é™¢å¤§å­¦ï¼Œå­¦ä½è®ºæ–‡ï¼Œ\LaTeX
                                                  {}æ¨¡æ¿}% ä¸­æ–‡å…³é”®è¯
You're in trouble here.  Try typing  <return>  to proceed.
If that doesn't work, type  X <return>  to quit.

Missing character: There is no L in font nullfont!
Missing character: There is no T in font nullfont!
Missing character: There is no T in font nullfont!
Missing character: There is no E in font nullfont!
Missing character: There is no X in font nullfont!

! Package inputenc Error: Unicode character æ¨¡ (U+6A21)
(inputenc)                not set up for use with LaTeX.

See the inputenc package documentation for explanation.
Type  H <return>  for immediate help.
 ...                                              
                                                  
l.48 ...‘å­¦é™¢å¤§å­¦ï¼Œå­¦ä½è®ºæ–‡ï¼Œ\LaTeX{}æ¨¡
                                                  æ¿}% ä¸­æ–‡å…³é”®è¯
You may provide a definition with
\DeclareUnicodeCharacter 


! Package inputenc Error: Unicode character æ¿ (U+677F)
(inputenc)                not set up for use with LaTeX.

See the inputenc package documentation for explanation.
Type  H <return>  for immediate help.
 ...                                              
                                                  
l.48 ...¦é™¢å¤§å­¦ï¼Œå­¦ä½è®ºæ–‡ï¼Œ\LaTeX{}æ¨¡æ¿
                                                  }% ä¸­æ–‡å…³é”®è¯
You may provide a definition with
\DeclareUnicodeCharacter 

! Undefined control sequence.
l.52 \chapter
             *{Abstract}\chaptermark{Abstract}% æ‘˜è¦æ ‡é¢˜
The control sequence at the end of the top line
of your error message was never \def'ed. If you have
misspelled it (e.g., `\hobx'), type `I' and the correct
spelling (e.g., `I\hbox'). Otherwise just continue,
and I'll forget about whatever was undefined.

Missing character: There is no * in font nullfont!
Missing character: There is no A in font nullfont!
Missing character: There is no b in font nullfont!
Missing character: There is no s in font nullfont!
Missing character: There is no t in font nullfont!
Missing character: There is no r in font nullfont!
Missing character: There is no a in font nullfont!
Missing character: There is no c in font nullfont!
Missing character: There is no t in font nullfont!
! Undefined control sequence.
l.52 \chapter*{Abstract}\chaptermark
                                    {Abstract}% æ‘˜è¦æ ‡é¢˜
The control sequence at the end of the top line
of your error message was never \def'ed. If you have
misspelled it (e.g., `\hobx'), type `I' and the correct
spelling (e.g., `I\hbox'). Otherwise just continue,
and I'll forget about whatever was undefined.

Missing character: There is no A in font nullfont!
Missing character: There is no b in font nullfont!
Missing character: There is no s in font nullfont!
Missing character: There is no t in font nullfont!
Missing character: There is no r in font nullfont!
Missing character: There is no a in font nullfont!
Missing character: There is no c in font nullfont!
Missing character: There is no t in font nullfont!

Overfull \hbox (25.90282pt too wide) in paragraph at lines 48--53
[][][] 
 []


! LaTeX Error: Missing \begin{document}.

See the LaTeX manual or LaTeX Companion for explanation.
Type  H <return>  for immediate help.
 ...                                              
                                                  
l.54 T
      his paper is a help documentation for the \LaTeX{} class ucasthesis, w...

You're in trouble here.  Try typing  <return>  to proceed.
If that doesn't work, type  X <return>  to quit.

Missing character: There is no T in font nullfont!
Missing character: There is no h in font nullfont!
Missing character: There is no i in font nullfont!
Missing character: There is no s in font nullfont!
Missing character: There is no p in font nullfont!
Missing character: There is no a in font nullfont!
Missing character: There is no p in font nullfont!
Missing character: There is no e in font nullfont!
Missing character: There is no r in font nullfont!
Missing character: There is no i in font nullfont!
Missing character: There is no s in font nullfont!
Missing character: There is no a in font nullfont!
Missing character: There is no h in font nullfont!
Missing character: There is no e in font nullfont!
Missing character: There is no l in font nullfont!
Missing character: There is no p in font nullfont!
Missing character: There is no d in font nullfont!
Missing character: There is no o in font nullfont!
Missing character: There is no c in font nullfont!
Missing character: There is no u in font nullfont!
Missing character: There is no m in font nullfont!
Missing character: There is no e in font nullfont!
Missing character: There is no n in font nullfont!
Missing character: There is no t in font nullfont!
Missing character: There is no a in font nullfont!
Missing character: There is no t in font nullfont!
Missing character: There is no i in font nullfont!
Missing character: There is no o in font nullfont!
Missing character: There is no n in font nullfont!
Missing character: There is no f in font nullfont!
Missing character: There is no o in font nullfont!
Missing character: There is no r in font nullfont!
Missing character: There is no t in font nullfont!
Missing character: There is no h in font nullfont!
Missing character: There is no e in font nullfont!
Missing character: There is no L in font nullfont!
Missing character: There is no T in font nullfont!
Missing character: There is no T in font nullfont!
Missing character: There is no E in font nullfont!
Missing character: There is no X in font nullfont!
Missing character: There is no c in font nullfont!
Missing character: There is no l in font nullfont!
Missing character: There is no a in font nullfont!
Missing character: There is no s in font nullfont!
Missing character: There is no s in font nullfont!
Missing character: There is no u in font nullfont!
Missing character: There is no c in font nullfont!
Missing character: There is no a in font nullfont!
Missing character: There is no s in font nullfont!
Missing character: There is no t in font nullfont!
Missing character: There is no h in font nullfont!
Missing character: There is no e in font nullfont!
Missing character: There is no s in font nullfont!
Missing character: There is no i in font nullfont!
Missing character: There is no s in font nullfont!
Missing character: There is no , in font nullfont!
Missing character: There is no w in font nullfont!
Missing character: There is no h in font nullfont!
Missing character: There is no i in font nullfont!
Missing character: There is no c in font nullfont!
Missing character: There is no h in font nullfont!
Missing character: There is no i in font nullfont!
Missing character: There is no s in font nullfont!
Missing character: There is no a in font nullfont!
Missing character: There is no t in font nullfont!
Missing character: There is no h in font nullfont!
Missing character: There is no e in font nullfont!
Missing character: There is no s in font nullfont!
Missing character: There is no i in font nullfont!
Missing character: There is no s in font nullfont!
Missing character: There is no t in font nullfont!
Missing character: There is no e in font nullfont!
Missing character: There is no m in font nullfont!
Missing character: There is no p in font nullfont!
Missing character: There is no l in font nullfont!
Missing character: There is no a in font nullfont!
Missing character: There is no t in font nullfont!
Missing character: There is no e in font nullfont!
Missing character: There is no f in font nullfont!
Missing character: There is no o in font nullfont!
Missing character: There is no r in font nullfont!
Missing character: There is no t in font nullfont!
Missing character: There is no h in font nullfont!
Missing character: There is no e in font nullfont!
Missing character: There is no U in font nullfont!
Missing character: There is no n in font nullfont!
Missing character: There is no i in font nullfont!
Missing character: There is no v in font nullfont!
Missing character: There is no e in font nullfont!
Missing character: There is no r in font nullfont!
Missing character: There is no s in font nullfont!
Missing character: There is no i in font nullfont!
Missing character: There is no t in font nullfont!
Missing character: There is no y in font nullfont!
Missing character: There is no o in font nullfont!
Missing character: There is no f in font nullfont!
Missing character: There is no C in font nullfont!
Missing character: There is no h in font nullfont!
Missing character: There is no i in font nullfont!
Missing character: There is no n in font nullfont!
Missing character: There is no e in font nullfont!
Missing character: There is no s in font nullfont!
Missing character: There is no e in font nullfont!
Missing character: There is no A in font nullfont!
Missing character: There is no c in font nullfont!
Missing character: There is no a in font nullfont!
Missing character: There is no d in font nullfont!
Missing character: There is no e in font nullfont!
Missing character: There is no m in font nullfont!
Missing character: There is no y in font nullfont!
Missing character: There is no o in font nullfont!
Missing character: There is no f in font nullfont!
Missing character: There is no S in font nullfont!
Missing character: There is no c in font nullfont!
Missing character: There is no i in font nullfont!
Missing character: There is no e in font nullfont!
Missing character: There is no n in font nullfont!
Missing character: There is no c in font nullfont!
Missing character: There is no e in font nullfont!
Missing character: There is no s in font nullfont!
Missing character: There is no . in font nullfont!
Missing character: There is no T in font nullfont!
Missing character: There is no h in font nullfont!
Missing character: There is no e in font nullfont!
Missing character: There is no m in font nullfont!
Missing character: There is no a in font nullfont!
Missing character: There is no i in font nullfont!
Missing character: There is no n in font nullfont!
Missing character: There is no c in font nullfont!
Missing character: There is no o in font nullfont!
Missing character: There is no n in font nullfont!
Missing character: There is no t in font nullfont!
Missing character: There is no e in font nullfont!
Missing character: There is no n in font nullfont!
Missing character: There is no t in font nullfont!
Missing character: There is no i in font nullfont!
Missing character: There is no s in font nullfont!
Missing character: There is no a in font nullfont!
Missing character: There is no b in font nullfont!
Missing character: There is no o in font nullfont!
Missing character: There is no u in font nullfont!
Missing character: There is no t in font nullfont!
Missing character: There is no h in font nullfont!
Missing character: There is no o in font nullfont!
Missing character: There is no w in font nullfont!
Missing character: There is no t in font nullfont!
Missing character: There is no o in font nullfont!
Missing character: There is no u in font nullfont!
Missing character: There is no s in font nullfont!
Missing character: There is no e in font nullfont!
Missing character: There is no t in font nullfont!
Missing character: There is no h in font nullfont!
Missing character: There is no e in font nullfont!
Missing character: There is no u in font nullfont!
Missing character: There is no c in font nullfont!
Missing character: There is no a in font nullfont!
Missing character: There is no s in font nullfont!
Missing character: There is no t in font nullfont!
Missing character: There is no h in font nullfont!
Missing character: There is no e in font nullfont!
Missing character: There is no s in font nullfont!
Missing character: There is no i in font nullfont!
Missing character: There is no s in font nullfont!
Missing character: There is no , in font nullfont!
Missing character: There is no a in font nullfont!
Missing character: There is no s in font nullfont!
Missing character: There is no w in font nullfont!
Missing character: There is no e in font nullfont!
Missing character: There is no l in font nullfont!
Missing character: There is no l in font nullfont!
Missing character: There is no a in font nullfont!
Missing character: There is no s in font nullfont!
Missing character: There is no h in font nullfont!
Missing character: There is no o in font nullfont!
Missing character: There is no w in font nullfont!
Missing character: There is no t in font nullfont!
Missing character: There is no o in font nullfont!
Missing character: There is no w in font nullfont!
Missing character: There is no r in font nullfont!
Missing character: There is no i in font nullfont!
Missing character: There is no t in font nullfont!
Missing character: There is no e in font nullfont!
Missing character: There is no t in font nullfont!
Missing character: There is no h in font nullfont!
Missing character: There is no e in font nullfont!
Missing character: There is no s in font nullfont!
Missing character: There is no i in font nullfont!
Missing character: There is no s in font nullfont!
Missing character: There is no e in font nullfont!
Missing character: There is no f in font nullfont!
Missing character: There is no f in font nullfont!
Missing character: There is no i in font nullfont!
Missing character: There is no c in font nullfont!
Missing character: There is no i in font nullfont!
Missing character: There is no e in font nullfont!
Missing character: There is no n in font nullfont!
Missing character: There is no t in font nullfont!
Missing character: There is no l in font nullfont!
Missing character: There is no y in font nullfont!
Missing character: There is no b in font nullfont!
Missing character: There is no y in font nullfont!
Missing character: There is no u in font nullfont!
Missing character: There is no s in font nullfont!
Missing character: There is no i in font nullfont!
Missing character: There is no n in font nullfont!
Missing character: There is no g in font nullfont!
Missing character: There is no L in font nullfont!
Missing character: There is no T in font nullfont!
Missing character: There is no T in font nullfont!
Missing character: There is no E in font nullfont!
Missing character: There is no X in font nullfont!
Missing character: There is no . in font nullfont!

Overfull \hbox (20.0pt too wide) in paragraph at lines 54--55
[]
 []


Overfull \hbox (5.90282pt too wide) in paragraph at lines 54--55
[][]
 []


Overfull \hbox (5.90282pt too wide) in paragraph at lines 54--55
[][] 
 []

! Undefined control sequence.
l.56 \englishkeywords
                     {University of Chinese Academy of Sciences (UCAS), Thes...
The control sequence at the end of the top line
of your error message was never \def'ed. If you have
misspelled it (e.g., `\hobx'), type `I' and the correct
spelling (e.g., `I\hbox'). Otherwise just continue,
and I'll forget about whatever was undefined.


! LaTeX Error: Missing \begin{document}.

See the LaTeX manual or LaTeX Companion for explanation.
Type  H <return>  for immediate help.
 ...                                              
                                                  
l.56 \englishkeywords{U
                       niversity of Chinese Academy of Sciences (UCAS), Thes...

You're in trouble here.  Try typing  <return>  to proceed.
If that doesn't work, type  X <return>  to quit.

Missing character: There is no U in font nullfont!
Missing character: There is no n in font nullfont!
Missing character: There is no i in font nullfont!
Missing character: There is no v in font nullfont!
Missing character: There is no e in font nullfont!
Missing character: There is no r in font nullfont!
Missing character: There is no s in font nullfont!
Missing character: There is no i in font nullfont!
Missing character: There is no t in font nullfont!
Missing character: There is no y in font nullfont!
Missing character: There is no o in font nullfont!
Missing character: There is no f in font nullfont!
Missing character: There is no C in font nullfont!
Missing character: There is no h in font nullfont!
Missing character: There is no i in font nullfont!
Missing character: There is no n in font nullfont!
Missing character: There is no e in font nullfont!
Missing character: There is no s in font nullfont!
Missing character: There is no e in font nullfont!
Missing character: There is no A in font nullfont!
Missing character: There is no c in font nullfont!
Missing character: There is no a in font nullfont!
Missing character: There is no d in font nullfont!
Missing character: There is no e in font nullfont!
Missing character: There is no m in font nullfont!
Missing character: There is no y in font nullfont!
Missing character: There is no o in font nullfont!
Missing character: There is no f in font nullfont!
Missing character: There is no S in font nullfont!
Missing character: There is no c in font nullfont!
Missing character: There is no i in font nullfont!
Missing character: There is no e in font nullfont!
Missing character: There is no n in font nullfont!
Missing character: There is no c in font nullfont!
Missing character: There is no e in font nullfont!
Missing character: There is no s in font nullfont!
Missing character: There is no ( in font nullfont!
Missing character: There is no U in font nullfont!
Missing character: There is no C in font nullfont!
Missing character: There is no A in font nullfont!
Missing character: There is no S in font nullfont!
Missing character: There is no ) in font nullfont!
Missing character: There is no , in font nullfont!
Missing character: There is no T in font nullfont!
Missing character: There is no h in font nullfont!
Missing character: There is no e in font nullfont!
Missing character: There is no s in font nullfont!
Missing character: There is no i in font nullfont!
Missing character: There is no s in font nullfont!
Missing character: There is no , in font nullfont!
Missing character: There is no L in font nullfont!
Missing character: There is no T in font nullfont!
Missing character: There is no T in font nullfont!
Missing character: There is no E in font nullfont!
Missing character: There is no X in font nullfont!
Missing character: There is no T in font nullfont!
Missing character: There is no e in font nullfont!
Missing character: There is no m in font nullfont!
Missing character: There is no p in font nullfont!
Missing character: There is no l in font nullfont!
Missing character: There is no a in font nullfont!
Missing character: There is no t in font nullfont!
Missing character: There is no e in font nullfont!
)
! Emergency stop.
<*> Frontpages.tex
                  
*** (job aborted, no legal \end found)

 
Here is how much of TeX's memory you used:
 65 strings out of 492649
 513 string characters out of 6129622
 57926 words of memory out of 5000000
 4048 multiletter control sequences out of 15000+600000
 3640 words of font info for 14 fonts, out of 8000000 for 9000
 1141 hyphenation exceptions out of 8191
 18i,6n,12p,294b,67s stack positions out of 5000i,500n,10000p,200000b,80000s
!  ==> Fatal error occurred, no output PDF file produced!
