\BOOKMARK [0][-]{chapter.1}{第1章  引言}{}% 1
\BOOKMARK [1][-]{section.1.1}{1.1 研究背景}{chapter.1}% 2
\BOOKMARK [1][-]{section.1.2}{1.2 系统要求}{chapter.1}% 3
\BOOKMARK [1][-]{section.1.3}{1.3 问题反馈}{chapter.1}% 4
\BOOKMARK [1][-]{section.1.4}{1.4 模板下载}{chapter.1}% 5
\BOOKMARK [0][-]{chapter.2}{第2章  LaTeX使用说明}{}% 6
\BOOKMARK [1][-]{section.2.1}{2.1 先试试效果}{chapter.2}% 7
\BOOKMARK [1][-]{section.2.2}{2.2 文档目录简介}{chapter.2}% 8
\BOOKMARK [2][-]{subsection.2.2.1}{2.2.1\040Thesis.tex}{section.2.2}% 9
\BOOKMARK [2][-]{subsection.2.2.2}{2.2.2 编译脚本}{section.2.2}% 10
\BOOKMARK [2][-]{subsection.2.2.3}{2.2.3 Tmp文件夹}{section.2.2}% 11
\BOOKMARK [2][-]{subsection.2.2.4}{2.2.4 Style文件夹}{section.2.2}% 12
\BOOKMARK [2][-]{subsection.2.2.5}{2.2.5 Tex文件夹}{section.2.2}% 13
\BOOKMARK [2][-]{subsection.2.2.6}{2.2.6 Img文件夹}{section.2.2}% 14
\BOOKMARK [2][-]{subsection.2.2.7}{2.2.7 Biblio文件夹}{section.2.2}% 15
\BOOKMARK [1][-]{section.2.3}{2.3 数学公式、图表、参考文献等功能}{chapter.2}% 16
\BOOKMARK [2][-]{subsection.2.3.1}{2.3.1 数学公式}{section.2.3}% 17
\BOOKMARK [2][-]{subsection.2.3.2}{2.3.2 表格}{section.2.3}% 18
\BOOKMARK [2][-]{subsection.2.3.3}{2.3.3 图片插入}{section.2.3}% 19
\BOOKMARK [2][-]{subsection.2.3.4}{2.3.4 算法}{section.2.3}% 20
\BOOKMARK [2][-]{subsection.2.3.5}{2.3.5 参考文献引用}{section.2.3}% 21
\BOOKMARK [1][-]{section.2.4}{2.4 常见使用问题}{chapter.2}% 22
\BOOKMARK [0][-]{appendix.A}{附录 A  中国科学院大学学位论文撰写要求}{}% 23
\BOOKMARK [1][-]{section.A.1}{A.1 论文无附录者无需附录部分}{appendix.A}% 24
\BOOKMARK [1][-]{section.A.2}{A.2 测试公式编号}{appendix.A}% 25
\BOOKMARK [1][-]{section.A.3}{A.3 测试生僻字}{appendix.A}% 26
\BOOKMARK [0][-]{section*.14}{参考文献}{}% 27
\BOOKMARK [0][-]{appendix*.15}{作者简历及攻读学位期间发表的学术论文与研究成果}{}% 28
\BOOKMARK [0][-]{appendix*.22}{致谢}{}% 29
